<?xml version="1.0" encoding="UTF-8"?>
<!-- Generated by org.testng.reporters.JUnitReportReporter -->
<testsuite hostname="LAPTOP-1BN0T86K" failures="0" tests="2" name="born.Testngtesting" time="7.991" errors="0" timestamp="2023-03-20T01:44:49 IST" skipped="0">
  <testcase classname="born.Testngtesting" name="f" time="4.839"/>
  <system-out/>
  <testcase classname="born.Testngtesting" name="f1" time="3.152"/>
  <system-out/>
</testsuite> <!-- born.Testngtesting -->
